<?xml version="1.0" encoding="UTF-8"?>
<testng-results ignored="0" total="2" passed="2" failed="0" skipped="0">
  <reporter-output>
  </reporter-output>
  <suite started-at="2024-01-25T20:28:28 IST" name="Default suite" finished-at="2024-01-25T20:28:54 IST" duration-ms="26332">
    <groups>
    </groups>
    <test started-at="2024-01-25T20:28:28 IST" name="Default test" finished-at="2024-01-25T20:28:54 IST" duration-ms="26332">
      <class name="com.form.FormValidationTest">
        <test-method is-config="true" signature="firstNameValidationTest()[pri:0, instance:com.form.FormValidationTest@2e005c4b]" started-at="2024-01-25T20:28:28 IST" name="firstNameValidationTest" finished-at="2024-01-25T20:28:40 IST" duration-ms="12332" status="PASS">
          <reporter-output>
          </reporter-output>
        </test-method> <!-- firstNameValidationTest -->
        <test-method signature="LastNameValidation()[pri:0, instance:com.form.FormValidationTest@2e005c4b]" started-at="2024-01-25T20:28:40 IST" name="LastNameValidation" finished-at="2024-01-25T20:28:40 IST" duration-ms="8" status="PASS">
          <reporter-output>
          </reporter-output>
        </test-method> <!-- LastNameValidation -->
        <test-method signature="firstNameValidationTest()[pri:0, instance:com.form.FormValidationTest@2e005c4b]" started-at="2024-01-25T20:28:40 IST" name="firstNameValidationTest" finished-at="2024-01-25T20:28:54 IST" duration-ms="13950" status="PASS">
          <reporter-output>
          </reporter-output>
        </test-method> <!-- firstNameValidationTest -->
      </class> <!-- com.form.FormValidationTest -->
    </test> <!-- Default test -->
  </suite> <!-- Default suite -->
</testng-results>
